<?xml version="1.0" encoding="UTF-8"?>
<!-- Generated by org.testng.reporters.JUnitReportReporter -->
<testsuite skipped="0" hostname="Oleseas-MacBook-Pro.local" name="TestNgSessions.PriorityUseCase" tests="6" failures="0" timestamp="17 Aug 2020 21:55:40 GMT" time="0.009" errors="0">
  <testcase name="test1" time="0.007" classname="TestNgSessions.PriorityUseCase"/>
  <testcase name="test3" time="0.001" classname="TestNgSessions.PriorityUseCase"/>
  <testcase name="test2" time="0.000" classname="TestNgSessions.PriorityUseCase"/>
  <testcase name="test6" time="0.001" classname="TestNgSessions.PriorityUseCase"/>
  <testcase name="test4" time="0.000" classname="TestNgSessions.PriorityUseCase"/>
  <testcase name="test5" time="0.000" classname="TestNgSessions.PriorityUseCase"/>
</testsuite> <!-- TestNgSessions.PriorityUseCase -->
