<?xml version="1.0" encoding="UTF-8"?>
<!-- Generated by org.testng.reporters.JUnitReportReporter -->
<testsuite skipped="0" hostname="Oleseas-MacBook-Pro.local" name="TestNgSessions.InvocationCountConcept" tests="10" failures="0" timestamp="17 Aug 2020 21:55:08 GMT" time="0.018" errors="0">
  <testcase name="createUserTest" time="0.001" classname="TestNgSessions.InvocationCountConcept"/>
  <testcase name="createUserTest" time="0.001" classname="TestNgSessions.InvocationCountConcept"/>
  <testcase name="createUserTest" time="0.001" classname="TestNgSessions.InvocationCountConcept"/>
  <testcase name="createUserTest" time="0.001" classname="TestNgSessions.InvocationCountConcept"/>
  <testcase name="createUserTest" time="0.001" classname="TestNgSessions.InvocationCountConcept"/>
  <testcase name="createUserTest" time="0.000" classname="TestNgSessions.InvocationCountConcept"/>
  <testcase name="createUserTest" time="0.001" classname="TestNgSessions.InvocationCountConcept"/>
  <testcase name="createUserTest" time="0.010" classname="TestNgSessions.InvocationCountConcept"/>
  <testcase name="createUserTest" time="0.001" classname="TestNgSessions.InvocationCountConcept"/>
  <testcase name="createUserTest" time="0.001" classname="TestNgSessions.InvocationCountConcept"/>
</testsuite> <!-- TestNgSessions.InvocationCountConcept -->
